<?xml version="1.0" encoding="UTF-8"?>
<!-- Generated by org.testng.reporters.JUnitReportReporter -->
<testsuite hostname="CHN-REG-338651" failures="0" tests="5" name="testcasess.logintest" time="0.019" errors="0" timestamp="2023-04-28T06:44:40 IST" skipped="0">
  <testcase classname="testcasess.logintest" name="check_usernameandpassword_isenabled" time="0.001"/>
  <system-out/>
  <testcase classname="testcasess.logintest" name="check_usernameandpassword_isenabled" time="0.001"/>
  <system-out/>
  <testcase classname="testcasess.logintest" name="check_usernameandpassword_isenabled" time="0.002"/>
  <system-out/>
  <testcase classname="testcasess.logintest" name="check_usernameandpassword_isenabled" time="0.002"/>
  <system-out/>
  <testcase classname="testcasess.logintest" name="check_usernameandpassword_isenabled" time="0.013"/>
  <system-out/>
</testsuite> <!-- testcasess.logintest -->
