<?xml version="1.0" encoding="UTF-8"?>
<!-- Generated by org.testng.reporters.JUnitReportReporter -->
<testsuite hostname="CHN-REG-338651" failures="0" tests="3" name="testcasess.homepagetest" time="0.030" errors="0" timestamp="2023-04-27T06:27:52 IST" skipped="1">
  <testcase classname="testcasess.homepagetest" name="A" time="0.029"/>
  <system-out/>
  <testcase classname="testcasess.homepagetest" name="C" time="0.001"/>
  <system-out/>
  <testcase classname="testcasess.homepagetest" name="B">
    <skipped/>
  </testcase> <!-- B -->
  <system-out/>
</testsuite> <!-- testcasess.homepagetest -->
