<?xml version="1.0" encoding="UTF-8"?>
<!-- Generated by org.testng.reporters.JUnitReportReporter -->
<testsuite hostname="CHN-REG-338651" failures="0" tests="3" name="com.testcases.Homepagetest" time="0.189" errors="0" timestamp="2023-05-05T07:42:41 IST" skipped="1">
  <testcase classname="com.testcases.Homepagetest" name="passwordtest" time="0.078"/>
  <system-out/>
  <testcase classname="com.testcases.Homepagetest" name="sampleformstest" time="0.002">
    <skipped/>
  </testcase> <!-- sampleformstest -->
  <system-out/>
  <testcase classname="com.testcases.Homepagetest" name="usernametest" time="0.109"/>
  <system-out/>
</testsuite> <!-- com.testcases.Homepagetest -->
